C:\USERS\SAMFL\DOCUMENTS\UNI\398\ENGINE\IRRLICHT\IRRLICH\SLASHSTUDIOS\DEBUG\AFFORDANCE.OBJ
C:\USERS\SAMFL\DOCUMENTS\UNI\398\ENGINE\IRRLICHT\IRRLICH\SLASHSTUDIOS\DEBUG\AISTATES.OBJ
C:\USERS\SAMFL\DOCUMENTS\UNI\398\ENGINE\IRRLICHT\IRRLICH\SLASHSTUDIOS\DEBUG\CAMERA.OBJ
C:\USERS\SAMFL\DOCUMENTS\UNI\398\ENGINE\IRRLICHT\IRRLICH\SLASHSTUDIOS\DEBUG\GAMEOBJECT.OBJ
C:\USERS\SAMFL\DOCUMENTS\UNI\398\ENGINE\IRRLICHT\IRRLICH\SLASHSTUDIOS\DEBUG\MACHINE.OBJ
C:\USERS\SAMFL\DOCUMENTS\UNI\398\ENGINE\IRRLICHT\IRRLICH\SLASHSTUDIOS\DEBUG\PERSON_CARDIO.OBJ
C:\USERS\SAMFL\DOCUMENTS\UNI\398\ENGINE\IRRLICHT\IRRLICH\SLASHSTUDIOS\DEBUG\PERSON_FREEWEIGHT.OBJ
C:\USERS\SAMFL\DOCUMENTS\UNI\398\ENGINE\IRRLICHT\IRRLICH\SLASHSTUDIOS\DEBUG\PERSON_MACHINE.OBJ
C:\USERS\SAMFL\DOCUMENTS\UNI\398\ENGINE\IRRLICHT\IRRLICH\SLASHSTUDIOS\DEBUG\MAIN.OBJ
C:\USERS\SAMFL\DOCUMENTS\UNI\398\ENGINE\IRRLICHT\IRRLICH\SLASHSTUDIOS\DEBUG\PERSON.OBJ
C:\USERS\SAMFL\DOCUMENTS\UNI\398\ENGINE\IRRLICHT\IRRLICH\SLASHSTUDIOS\DEBUG\TREADMILL.OBJ
C:\USERS\SAMFL\DOCUMENTS\UNI\398\ENGINE\IRRLICHT\IRRLICH\SLASHSTUDIOS\DEBUG\WEIGHT.OBJ
C:\USERS\SAMFL\DOCUMENTS\UNI\398\ENGINE\IRRLICHT\IRRLICH\SLASHSTUDIOS\DEBUG\VC110.PDB
I:\UNI\IRRLICH\SLASHSTUDIOS\DEBUG\AFFORDANCE.OBJ
I:\UNI\IRRLICH\SLASHSTUDIOS\DEBUG\AISTATES.OBJ
I:\UNI\IRRLICH\SLASHSTUDIOS\DEBUG\CAMERA.OBJ
I:\UNI\IRRLICH\SLASHSTUDIOS\DEBUG\GAMEOBJECT.OBJ
I:\UNI\IRRLICH\SLASHSTUDIOS\DEBUG\MACHINE.OBJ
I:\UNI\IRRLICH\SLASHSTUDIOS\DEBUG\PERSON_CARDIO.OBJ
I:\UNI\IRRLICH\SLASHSTUDIOS\DEBUG\PERSON_FREEWEIGHT.OBJ
I:\UNI\IRRLICH\SLASHSTUDIOS\DEBUG\PERSON_MACHINE.OBJ
I:\UNI\IRRLICH\SLASHSTUDIOS\DEBUG\MAIN.OBJ
I:\UNI\IRRLICH\SLASHSTUDIOS\DEBUG\PERSON.OBJ
I:\UNI\IRRLICH\SLASHSTUDIOS\DEBUG\TREADMILL.OBJ
I:\UNI\IRRLICH\SLASHSTUDIOS\DEBUG\WEIGHT.OBJ
I:\UNI\IRRLICH\SLASHSTUDIOS\DEBUG\VC110.PDB
E:\UNI\IRRLICH\SLASHSTUDIOS\DEBUG\AFFORDANCE.OBJ
E:\UNI\IRRLICH\SLASHSTUDIOS\DEBUG\AISTATES.OBJ
E:\UNI\IRRLICH\SLASHSTUDIOS\DEBUG\CAMERA.OBJ
E:\UNI\IRRLICH\SLASHSTUDIOS\DEBUG\GAMEOBJECT.OBJ
E:\UNI\IRRLICH\SLASHSTUDIOS\DEBUG\MACHINE.OBJ
E:\UNI\IRRLICH\SLASHSTUDIOS\DEBUG\PERSON_CARDIO.OBJ
E:\UNI\IRRLICH\SLASHSTUDIOS\DEBUG\PERSON_FREEWEIGHT.OBJ
E:\UNI\IRRLICH\SLASHSTUDIOS\DEBUG\PERSON_MACHINE.OBJ
E:\UNI\IRRLICH\SLASHSTUDIOS\DEBUG\MAIN.OBJ
E:\UNI\IRRLICH\SLASHSTUDIOS\DEBUG\PERSON.OBJ
E:\UNI\IRRLICH\SLASHSTUDIOS\DEBUG\TREADMILL.OBJ
E:\UNI\IRRLICH\SLASHSTUDIOS\DEBUG\WEIGHT.OBJ
E:\UNI\IRRLICH\SLASHSTUDIOS\DEBUG\VC110.PDB
C:\USERS\SAMFL\DOCUMENTS\UNI\398\ENGINE\IRRLICHT\IRRLICH\DEBUG\SLASHSTUDIOS.ILK
C:\USERS\SAMFL\DOCUMENTS\UNI\398\ENGINE\IRRLICHT\IRRLICH\DEBUG\SLASHSTUDIOS.EXE
I:\UNI\IRRLICH\DEBUG\SLASHSTUDIOS.ILK
I:\UNI\IRRLICH\DEBUG\SLASHSTUDIOS.EXE
E:\UNI\IRRLICH\DEBUG\SLASHSTUDIOS.ILK
E:\UNI\IRRLICH\DEBUG\SLASHSTUDIOS.EXE
E:\Uni\Irrlich\SlashStudios\Debug\Affordance.obj
E:\Uni\Irrlich\SlashStudios\Debug\AIStates.obj
E:\Uni\Irrlich\SlashStudios\Debug\Camera.obj
E:\Uni\Irrlich\SlashStudios\Debug\GameObject.obj
E:\Uni\Irrlich\SlashStudios\Debug\Machine.obj
E:\Uni\Irrlich\SlashStudios\Debug\main.obj
E:\Uni\Irrlich\SlashStudios\Debug\Person.obj
E:\Uni\Irrlich\SlashStudios\Debug\Person_Cardio.obj
E:\Uni\Irrlich\SlashStudios\Debug\Person_FreeWeight.obj
E:\Uni\Irrlich\SlashStudios\Debug\Person_Machine.obj
E:\Uni\Irrlich\SlashStudios\Debug\Treadmill.obj
E:\Uni\Irrlich\SlashStudios\Debug\Weight.obj
E:\Uni\Irrlich\SlashStudios\Debug\cl.command.1.tlog
E:\Uni\Irrlich\SlashStudios\Debug\CL.read.1.tlog
E:\Uni\Irrlich\SlashStudios\Debug\CL.write.1.tlog
E:\Uni\Irrlich\SlashStudios\Debug\link-cvtres.read.1.tlog
E:\Uni\Irrlich\SlashStudios\Debug\link-cvtres.write.1.tlog
E:\Uni\Irrlich\SlashStudios\Debug\link-rc.read.1.tlog
E:\Uni\Irrlich\SlashStudios\Debug\link-rc.write.1.tlog
E:\Uni\Irrlich\SlashStudios\Debug\link.24388-cvtres.read.1.tlog
E:\Uni\Irrlich\SlashStudios\Debug\link.24388-cvtres.write.1.tlog
E:\Uni\Irrlich\SlashStudios\Debug\link.24388-rc.read.1.tlog
E:\Uni\Irrlich\SlashStudios\Debug\link.24388-rc.write.1.tlog
E:\Uni\Irrlich\SlashStudios\Debug\link.24388.read.1.tlog
E:\Uni\Irrlich\SlashStudios\Debug\link.24388.write.1.tlog
E:\Uni\Irrlich\SlashStudios\Debug\link.command.1.tlog
E:\Uni\Irrlich\SlashStudios\Debug\link.read.1.tlog
E:\Uni\Irrlich\SlashStudios\Debug\link.write.1.tlog
E:\Uni\Irrlich\SlashStudios\Debug\vc110.idb
E:\Uni\Irrlich\SlashStudios\Debug\vc110.pdb
E:\Uni\Irrlich\Debug\SlashStudios.exe
E:\Uni\Irrlich\Debug\SlashStudios.ilk
